<?xml version="1.0" encoding="UTF-8"?>
<testng-results ignored="0" total="1" passed="1" failed="0" skipped="0">
  <reporter-output>
  </reporter-output>
  <suite started-at="2025-06-28T02:40:15 IST" name="Default suite" finished-at="2025-06-28T02:40:15 IST" duration-ms="38">
    <groups>
    </groups>
    <test started-at="2025-06-28T02:40:15 IST" name="Default test" finished-at="2025-06-28T02:40:15 IST" duration-ms="38">
      <class name="hy.testhon.hytest_autoui.HytestAutouiApplicationTests">
        <test-method signature="heyOneTests()[pri:0, instance:hy.testhon.hytest_autoui.HytestAutouiApplicationTests@30ee2816]" started-at="2025-06-28T02:40:15 IST" name="heyOneTests" finished-at="2025-06-28T02:40:15 IST" duration-ms="12" status="PASS">
          <reporter-output>
          </reporter-output>
        </test-method> <!-- heyOneTests -->
      </class> <!-- hy.testhon.hytest_autoui.HytestAutouiApplicationTests -->
    </test> <!-- Default test -->
  </suite> <!-- Default suite -->
</testng-results>
